4442 : 2024-09-08 22:38:39,340 : INFO : telemetry.main : Attempt start. Configuration directory [/vagrant_data/repolist/Azure/KD-terraform-on-azure-cloud/.azure].
4442 : 2024-09-08 22:38:39,368 : DEBUG : telemetry.note : acquiring lock
4442 : 2024-09-08 22:38:39,395 : DEBUG : telemetry.note : acquired lock
4442 : 2024-09-08 22:38:39,404 : INFO : telemetry.note : Update the note mtime to 2024-09-08 22:38:39.402838
4442 : 2024-09-08 22:38:39,407 : WARNING : telemetry.note : Fail to parse or read the timestamp 'N/A' in the note file. Set the last send time to minimal. Reason: not readable
4442 : 2024-09-08 22:38:39,418 : INFO : telemetry.records : 1 cache files to move.
4442 : 2024-09-08 22:38:39,423 : INFO : telemetry.records : Create temp folder /tmp/tmpi49xqt40
4442 : 2024-09-08 22:38:39,483 : INFO : telemetry.records : Move file /vagrant_data/repolist/Azure/KD-terraform-on-azure-cloud/.azure/telemetry/cache to /tmp/tmpi49xqt40/cache
4442 : 2024-09-08 22:38:39,495 : INFO : telemetry.records : Processed file /tmp/tmpi49xqt40/cache into 1 records.
4442 : 2024-09-08 22:38:39,503 : INFO : telemetry.records : Remove directory /tmp/tmpi49xqt40
4442 : 2024-09-08 22:38:39,509 : INFO : telemetry.client : Accumulated 1 events. Flush the clients.
4442 : 2024-09-08 22:38:39,512 : INFO : telemetry.client : Flush client c4395b75-49cc-422c-bc95-c7d51aef5d46.
4442 : 2024-09-08 22:38:40,312 : INFO : telemetry.sender : Sending 3910 bytes
4442 : 2024-09-08 22:38:40,321 : INFO : telemetry.sender : Finish uploading in 0.804427 seconds.
4442 : 2024-09-08 22:38:40,329 : INFO : telemetry.note : Update the last send in note to 2024-09-08 22:38:38
4442 : 2024-09-08 22:38:40,331 : INFO : telemetry.note : Update the note mtime to 2024-09-08 22:38:40.330997
4450 : 2024-09-08 22:38:41,718 : INFO : telemetry.main : Attempt start. Configuration directory [/vagrant_data/repolist/Azure/KD-terraform-on-azure-cloud/.azure].
4450 : 2024-09-08 22:38:41,744 : DEBUG : telemetry.note : acquiring lock
4450 : 2024-09-08 22:38:41,765 : DEBUG : telemetry.note : acquired lock
4450 : 2024-09-08 22:38:41,781 : INFO : telemetry.note : Update the note mtime to 2024-09-08 22:38:41.779943
4450 : 2024-09-08 22:38:41,799 : INFO : telemetry.note : Read timestamp from the note. The last send was 2024-09-08 22:38:38.
4450 : 2024-09-08 22:38:41,820 : INFO : telemetry.records : 1 cache files to move.
4450 : 2024-09-08 22:38:41,825 : INFO : telemetry.records : Create temp folder /tmp/tmpu7e2vsvo
4450 : 2024-09-08 22:38:41,860 : INFO : telemetry.records : Move file /vagrant_data/repolist/Azure/KD-terraform-on-azure-cloud/.azure/telemetry/cache to /tmp/tmpu7e2vsvo/cache
4450 : 2024-09-08 22:38:41,867 : INFO : telemetry.records : Processed file /tmp/tmpu7e2vsvo/cache into 1 records.
4450 : 2024-09-08 22:38:41,877 : INFO : telemetry.records : Remove directory /tmp/tmpu7e2vsvo
4450 : 2024-09-08 22:38:41,883 : INFO : telemetry.client : Accumulated 1 events. Flush the clients.
4450 : 2024-09-08 22:38:41,889 : INFO : telemetry.client : Flush client c4395b75-49cc-422c-bc95-c7d51aef5d46.
4450 : 2024-09-08 22:38:42,667 : INFO : telemetry.sender : Sending 4024 bytes
4450 : 2024-09-08 22:38:42,679 : INFO : telemetry.sender : Finish uploading in 0.786392 seconds.
4450 : 2024-09-08 22:38:42,688 : INFO : telemetry.note : Update the last send in note to 2024-09-08 22:38:41
4450 : 2024-09-08 22:38:42,697 : INFO : telemetry.note : Update the note mtime to 2024-09-08 22:38:42.695319
4461 : 2024-09-08 22:41:37,136 : INFO : telemetry.main : Attempt start. Configuration directory [/vagrant_data/repolist/Azure/KD-terraform-on-azure-cloud/.azure].
4461 : 2024-09-08 22:41:37,140 : DEBUG : telemetry.note : acquiring lock
4461 : 2024-09-08 22:41:37,144 : DEBUG : telemetry.note : acquired lock
4461 : 2024-09-08 22:41:37,148 : INFO : telemetry.note : Update the note mtime to 2024-09-08 22:41:37.147892
4461 : 2024-09-08 22:41:37,156 : INFO : telemetry.note : Read timestamp from the note. The last send was 2024-09-08 22:38:41.
4461 : 2024-09-08 22:41:37,165 : INFO : telemetry.records : 1 cache files to move.
4461 : 2024-09-08 22:41:37,169 : INFO : telemetry.records : Create temp folder /tmp/tmpi41puj9z
4461 : 2024-09-08 22:41:37,182 : INFO : telemetry.records : Move file /vagrant_data/repolist/Azure/KD-terraform-on-azure-cloud/.azure/telemetry/cache to /tmp/tmpi41puj9z/cache
4461 : 2024-09-08 22:41:37,187 : INFO : telemetry.records : Processed file /tmp/tmpi41puj9z/cache into 1 records.
4461 : 2024-09-08 22:41:37,192 : INFO : telemetry.records : Remove directory /tmp/tmpi41puj9z
4461 : 2024-09-08 22:41:37,196 : INFO : telemetry.client : Accumulated 1 events. Flush the clients.
4461 : 2024-09-08 22:41:37,201 : INFO : telemetry.client : Flush client c4395b75-49cc-422c-bc95-c7d51aef5d46.
4461 : 2024-09-08 22:41:37,985 : INFO : telemetry.sender : Sending 3916 bytes
4461 : 2024-09-08 22:41:37,995 : INFO : telemetry.sender : Finish uploading in 0.790324 seconds.
4461 : 2024-09-08 22:41:38,003 : INFO : telemetry.note : Update the last send in note to 2024-09-08 22:41:36
4461 : 2024-09-08 22:41:38,009 : INFO : telemetry.note : Update the note mtime to 2024-09-08 22:41:38.008291
4472 : 2024-09-08 22:41:42,933 : INFO : telemetry.main : Attempt start. Configuration directory [/vagrant_data/repolist/Azure/KD-terraform-on-azure-cloud/.azure].
4472 : 2024-09-08 22:41:42,936 : DEBUG : telemetry.note : acquiring lock
4472 : 2024-09-08 22:41:42,938 : DEBUG : telemetry.note : acquired lock
4472 : 2024-09-08 22:41:42,940 : INFO : telemetry.note : Update the note mtime to 2024-09-08 22:41:42.940284
4472 : 2024-09-08 22:41:42,945 : INFO : telemetry.note : Read timestamp from the note. The last send was 2024-09-08 22:41:36.
4472 : 2024-09-08 22:41:42,952 : INFO : telemetry.records : 1 cache files to move.
4472 : 2024-09-08 22:41:42,955 : INFO : telemetry.records : Create temp folder /tmp/tmpyd_be9by
4472 : 2024-09-08 22:41:42,966 : INFO : telemetry.records : Move file /vagrant_data/repolist/Azure/KD-terraform-on-azure-cloud/.azure/telemetry/cache to /tmp/tmpyd_be9by/cache
4472 : 2024-09-08 22:41:42,969 : INFO : telemetry.records : Processed file /tmp/tmpyd_be9by/cache into 1 records.
4472 : 2024-09-08 22:41:42,973 : INFO : telemetry.records : Remove directory /tmp/tmpyd_be9by
4472 : 2024-09-08 22:41:42,979 : INFO : telemetry.client : Accumulated 1 events. Flush the clients.
4472 : 2024-09-08 22:41:42,981 : INFO : telemetry.client : Flush client c4395b75-49cc-422c-bc95-c7d51aef5d46.
4472 : 2024-09-08 22:41:43,768 : INFO : telemetry.sender : Sending 4021 bytes
4472 : 2024-09-08 22:41:43,777 : INFO : telemetry.sender : Finish uploading in 0.793977 seconds.
4472 : 2024-09-08 22:41:43,784 : INFO : telemetry.note : Update the last send in note to 2024-09-08 22:41:42
4472 : 2024-09-08 22:41:43,789 : INFO : telemetry.note : Update the note mtime to 2024-09-08 22:41:43.788140
4483 : 2024-09-08 22:42:17,524 : INFO : telemetry.main : Attempt start. Configuration directory [/vagrant_data/repolist/Azure/KD-terraform-on-azure-cloud/.azure].
4483 : 2024-09-08 22:42:17,527 : DEBUG : telemetry.note : acquiring lock
4483 : 2024-09-08 22:42:17,530 : DEBUG : telemetry.note : acquired lock
4483 : 2024-09-08 22:42:17,533 : INFO : telemetry.note : Update the note mtime to 2024-09-08 22:42:17.532821
4483 : 2024-09-08 22:42:17,536 : INFO : telemetry.note : Read timestamp from the note. The last send was 2024-09-08 22:41:42.
4483 : 2024-09-08 22:42:17,548 : INFO : telemetry.records : 1 cache files to move.
4483 : 2024-09-08 22:42:17,552 : INFO : telemetry.records : Create temp folder /tmp/tmp0e42bkw9
4483 : 2024-09-08 22:42:17,566 : INFO : telemetry.records : Move file /vagrant_data/repolist/Azure/KD-terraform-on-azure-cloud/.azure/telemetry/cache to /tmp/tmp0e42bkw9/cache
4483 : 2024-09-08 22:42:17,571 : INFO : telemetry.records : Processed file /tmp/tmp0e42bkw9/cache into 1 records.
4483 : 2024-09-08 22:42:17,577 : INFO : telemetry.records : Remove directory /tmp/tmp0e42bkw9
4483 : 2024-09-08 22:42:17,582 : INFO : telemetry.client : Accumulated 1 events. Flush the clients.
4483 : 2024-09-08 22:42:17,586 : INFO : telemetry.client : Flush client c4395b75-49cc-422c-bc95-c7d51aef5d46.
4483 : 2024-09-08 22:42:18,379 : INFO : telemetry.sender : Sending 4161 bytes
4483 : 2024-09-08 22:42:18,391 : INFO : telemetry.sender : Finish uploading in 0.799563 seconds.
4483 : 2024-09-08 22:42:18,399 : INFO : telemetry.note : Update the last send in note to 2024-09-08 22:42:17
4483 : 2024-09-08 22:42:18,406 : INFO : telemetry.note : Update the note mtime to 2024-09-08 22:42:18.404962
4589 : 2024-09-08 22:43:37,465 : INFO : telemetry.main : Attempt start. Configuration directory [/vagrant_data/repolist/Azure/KD-terraform-on-azure-cloud/.azure].
4589 : 2024-09-08 22:43:37,472 : DEBUG : telemetry.note : acquiring lock
4589 : 2024-09-08 22:43:37,483 : DEBUG : telemetry.note : acquired lock
4589 : 2024-09-08 22:43:37,489 : INFO : telemetry.note : Update the note mtime to 2024-09-08 22:43:37.488732
4589 : 2024-09-08 22:43:37,498 : INFO : telemetry.note : Read timestamp from the note. The last send was 2024-09-08 22:42:17.
4589 : 2024-09-08 22:43:37,510 : INFO : telemetry.records : 1 cache files to move.
4589 : 2024-09-08 22:43:37,514 : INFO : telemetry.records : Create temp folder /tmp/tmp4jm5p4ut
4589 : 2024-09-08 22:43:37,531 : INFO : telemetry.records : Move file /vagrant_data/repolist/Azure/KD-terraform-on-azure-cloud/.azure/telemetry/cache to /tmp/tmp4jm5p4ut/cache
4589 : 2024-09-08 22:43:37,537 : INFO : telemetry.records : Processed file /tmp/tmp4jm5p4ut/cache into 1 records.
4589 : 2024-09-08 22:43:37,542 : INFO : telemetry.records : Remove directory /tmp/tmp4jm5p4ut
4589 : 2024-09-08 22:43:37,550 : INFO : telemetry.client : Accumulated 1 events. Flush the clients.
4589 : 2024-09-08 22:43:37,554 : INFO : telemetry.client : Flush client c4395b75-49cc-422c-bc95-c7d51aef5d46.
4589 : 2024-09-08 22:43:38,312 : INFO : telemetry.sender : Sending 4065 bytes
4589 : 2024-09-08 22:43:38,316 : INFO : telemetry.sender : Finish uploading in 0.758744 seconds.
4589 : 2024-09-08 22:43:38,325 : INFO : telemetry.note : Update the last send in note to 2024-09-08 22:43:37
4589 : 2024-09-08 22:43:38,336 : INFO : telemetry.note : Update the note mtime to 2024-09-08 22:43:38.333859
4597 : 2024-09-08 22:43:38,608 : INFO : telemetry.main : Attempt start. Configuration directory [/vagrant_data/repolist/Azure/KD-terraform-on-azure-cloud/.azure].
4597 : 2024-09-08 22:43:38,611 : DEBUG : telemetry.note : acquiring lock
4597 : 2024-09-08 22:43:38,614 : DEBUG : telemetry.note : acquired lock
4597 : 2024-09-08 22:43:38,617 : INFO : telemetry.note : Update the note mtime to 2024-09-08 22:43:38.616688
4597 : 2024-09-08 22:43:38,621 : INFO : telemetry.note : Read timestamp from the note. The last send was 2024-09-08 22:43:37.
4597 : 2024-09-08 22:43:38,627 : INFO : telemetry.records : 1 cache files to move.
4597 : 2024-09-08 22:43:38,629 : INFO : telemetry.records : Create temp folder /tmp/tmpc63214yj
4597 : 2024-09-08 22:43:38,636 : INFO : telemetry.records : Move file /vagrant_data/repolist/Azure/KD-terraform-on-azure-cloud/.azure/telemetry/cache to /tmp/tmpc63214yj/cache
4597 : 2024-09-08 22:43:38,640 : INFO : telemetry.records : Processed file /tmp/tmpc63214yj/cache into 1 records.
4597 : 2024-09-08 22:43:38,645 : INFO : telemetry.records : Remove directory /tmp/tmpc63214yj
4597 : 2024-09-08 22:43:38,650 : INFO : telemetry.client : Accumulated 1 events. Flush the clients.
4597 : 2024-09-08 22:43:38,653 : INFO : telemetry.client : Flush client c4395b75-49cc-422c-bc95-c7d51aef5d46.
4597 : 2024-09-08 22:43:39,440 : INFO : telemetry.sender : Sending 4075 bytes
4597 : 2024-09-08 22:43:39,447 : INFO : telemetry.sender : Finish uploading in 0.790277 seconds.
4597 : 2024-09-08 22:43:39,454 : INFO : telemetry.note : Update the last send in note to 2024-09-08 22:43:38
4597 : 2024-09-08 22:43:39,461 : INFO : telemetry.note : Update the note mtime to 2024-09-08 22:43:39.460121
4605 : 2024-09-08 22:43:39,728 : INFO : telemetry.main : Attempt start. Configuration directory [/vagrant_data/repolist/Azure/KD-terraform-on-azure-cloud/.azure].
4605 : 2024-09-08 22:43:39,732 : DEBUG : telemetry.note : acquiring lock
4605 : 2024-09-08 22:43:39,738 : DEBUG : telemetry.note : acquired lock
4605 : 2024-09-08 22:43:39,742 : INFO : telemetry.note : Update the note mtime to 2024-09-08 22:43:39.741168
4605 : 2024-09-08 22:43:39,749 : INFO : telemetry.note : Read timestamp from the note. The last send was 2024-09-08 22:43:38.
4605 : 2024-09-08 22:43:39,760 : INFO : telemetry.records : 1 cache files to move.
4605 : 2024-09-08 22:43:39,764 : INFO : telemetry.records : Create temp folder /tmp/tmpasmh3us6
4605 : 2024-09-08 22:43:39,779 : INFO : telemetry.records : Move file /vagrant_data/repolist/Azure/KD-terraform-on-azure-cloud/.azure/telemetry/cache to /tmp/tmpasmh3us6/cache
4605 : 2024-09-08 22:43:39,786 : INFO : telemetry.records : Processed file /tmp/tmpasmh3us6/cache into 1 records.
4605 : 2024-09-08 22:43:39,791 : INFO : telemetry.records : Remove directory /tmp/tmpasmh3us6
4605 : 2024-09-08 22:43:39,796 : INFO : telemetry.client : Accumulated 1 events. Flush the clients.
4605 : 2024-09-08 22:43:39,800 : INFO : telemetry.client : Flush client c4395b75-49cc-422c-bc95-c7d51aef5d46.
4605 : 2024-09-08 22:43:40,545 : INFO : telemetry.sender : Sending 4075 bytes
4605 : 2024-09-08 22:43:40,556 : INFO : telemetry.sender : Finish uploading in 0.750529 seconds.
4605 : 2024-09-08 22:43:40,564 : INFO : telemetry.note : Update the last send in note to 2024-09-08 22:43:39
4605 : 2024-09-08 22:43:40,571 : INFO : telemetry.note : Update the note mtime to 2024-09-08 22:43:40.569758
4613 : 2024-09-08 22:43:41,540 : INFO : telemetry.main : Attempt start. Configuration directory [/vagrant_data/repolist/Azure/KD-terraform-on-azure-cloud/.azure].
4613 : 2024-09-08 22:43:41,543 : DEBUG : telemetry.note : acquiring lock
4613 : 2024-09-08 22:43:41,547 : DEBUG : telemetry.note : acquired lock
4613 : 2024-09-08 22:43:41,551 : INFO : telemetry.note : Update the note mtime to 2024-09-08 22:43:41.550908
4613 : 2024-09-08 22:43:41,559 : INFO : telemetry.note : Read timestamp from the note. The last send was 2024-09-08 22:43:39.
4613 : 2024-09-08 22:43:41,566 : INFO : telemetry.records : 1 cache files to move.
4613 : 2024-09-08 22:43:41,569 : INFO : telemetry.records : Create temp folder /tmp/tmpsp097oti
4613 : 2024-09-08 22:43:41,583 : INFO : telemetry.records : Move file /vagrant_data/repolist/Azure/KD-terraform-on-azure-cloud/.azure/telemetry/cache to /tmp/tmpsp097oti/cache
4613 : 2024-09-08 22:43:41,586 : INFO : telemetry.records : Processed file /tmp/tmpsp097oti/cache into 1 records.
4613 : 2024-09-08 22:43:41,587 : INFO : telemetry.records : Remove directory /tmp/tmpsp097oti
4613 : 2024-09-08 22:43:41,589 : INFO : telemetry.client : Accumulated 1 events. Flush the clients.
4613 : 2024-09-08 22:43:41,590 : INFO : telemetry.client : Flush client c4395b75-49cc-422c-bc95-c7d51aef5d46.
4613 : 2024-09-08 22:43:42,521 : INFO : telemetry.sender : Sending 4120 bytes
4613 : 2024-09-08 22:43:42,540 : INFO : telemetry.sender : Finish uploading in 0.948185 seconds.
4613 : 2024-09-08 22:43:42,548 : INFO : telemetry.note : Update the last send in note to 2024-09-08 22:43:41
4613 : 2024-09-08 22:43:42,559 : INFO : telemetry.note : Update the note mtime to 2024-09-08 22:43:42.557847
4621 : 2024-09-08 22:43:44,896 : INFO : telemetry.main : Attempt start. Configuration directory [/vagrant_data/repolist/Azure/KD-terraform-on-azure-cloud/.azure].
4621 : 2024-09-08 22:43:44,901 : DEBUG : telemetry.note : acquiring lock
4621 : 2024-09-08 22:43:44,906 : DEBUG : telemetry.note : acquired lock
4621 : 2024-09-08 22:43:44,911 : INFO : telemetry.note : Update the note mtime to 2024-09-08 22:43:44.910190
4621 : 2024-09-08 22:43:44,920 : INFO : telemetry.note : Read timestamp from the note. The last send was 2024-09-08 22:43:41.
4621 : 2024-09-08 22:43:44,936 : INFO : telemetry.records : 1 cache files to move.
4621 : 2024-09-08 22:43:44,943 : INFO : telemetry.records : Create temp folder /tmp/tmpzwfn58_8
4621 : 2024-09-08 22:43:44,954 : INFO : telemetry.records : Move file /vagrant_data/repolist/Azure/KD-terraform-on-azure-cloud/.azure/telemetry/cache to /tmp/tmpzwfn58_8/cache
4621 : 2024-09-08 22:43:44,958 : INFO : telemetry.records : Processed file /tmp/tmpzwfn58_8/cache into 1 records.
4621 : 2024-09-08 22:43:44,962 : INFO : telemetry.records : Remove directory /tmp/tmpzwfn58_8
4621 : 2024-09-08 22:43:44,966 : INFO : telemetry.client : Accumulated 1 events. Flush the clients.
4621 : 2024-09-08 22:43:44,970 : INFO : telemetry.client : Flush client c4395b75-49cc-422c-bc95-c7d51aef5d46.
4621 : 2024-09-08 22:43:45,757 : INFO : telemetry.sender : Sending 4120 bytes
4621 : 2024-09-08 22:43:45,769 : INFO : telemetry.sender : Finish uploading in 0.794796 seconds.
4621 : 2024-09-08 22:43:45,776 : INFO : telemetry.note : Update the last send in note to 2024-09-08 22:43:44
4621 : 2024-09-08 22:43:45,782 : INFO : telemetry.note : Update the note mtime to 2024-09-08 22:43:45.781059
